Arguments: 
  C:\Program Files\nodejs\node.exe C:\Program Files (x86)\Yarn\bin\yarn.js test

PATH: 
  C:\ProgramData\Oracle\Java\javapath;C:\Program Files (x86)\Intel\iCLS Client\;C:\Program Files\Intel\iCLS Client\;C:\Windows\system32;C:\Windows;C:\Windows\System32\Wbem;C:\Windows\System32\WindowsPowerShell\v1.0\;C:\Program Files (x86)\Intel\Intel(R) Management Engine Components\DAL;C:\Program Files\Intel\Intel(R) Management Engine Components\DAL;C:\Program Files (x86)\Intel\Intel(R) Management Engine Components\IPT;C:\Program Files\Intel\Intel(R) Management Engine Components\IPT;C:\Program Files (x86)\NVIDIA Corporation\PhysX\Common;C:\Program Files\Intel\WiFi\bin\;C:\Program Files\Common Files\Intel\WirelessCommon\;C:\Program Files\Microsoft SQL Server\130\Tools\Binn\;C:\WINDOWS\system32\config\systemprofile\.dnx\bin;C:\Program Files\Microsoft DNX\Dnvm\;C:\Program Files\Microsoft\Web Platform Installer\;C:\WINDOWS\system32;C:\WINDOWS;C:\WINDOWS\System32\Wbem;C:\WINDOWS\System32\WindowsPowerShell\v1.0\;C:\Program Files\MySQL\MySQL Server 5.7\bin;C:\Program Files\Git\cmd;C:\Program Files (x86)\gtm;C:\Program Files\Java\jdk1.8.0_161\bin;C:\Program Files\Java\jdk1.8.0_161\jre\bin;C:\Program Files (x86)\Yarn\bin\;C:\Program Files\Git\bin;;C:\WINDOWS\System32\OpenSSH\;C:\Program Files\Microsoft VS Code\bin;C:\Program Files\nodejs\;C:\Program Files (x86)\Windows Kits\10\Windows Performance Toolkit\;E:\python\Scripts\;E:\python\;C:\Ruby24-x64\bin;C:\Users\炽凌\AppData\Local\Microsoft\WindowsApps;C:\Users\炽凌\AppData\Local\Programs\Fiddler;C:\Users\炽凌\AppData\Local\Yarn\bin;C:\Program Files\Microsoft VS Code\bin;C:\Program Files\Git\bin;;C:\Users\炽凌\AppData\Local\Microsoft\WindowsApps;C:\Users\炽凌\AppData\Local\Programs\Microsoft VS Code\bin;C:\Users\炽凌\AppData\Roaming\npm;C:\Program Files\JetBrains\IntelliJ IDEA 2018.3.1\bin;

Yarn version: 
  1.5.1

Node version: 
  8.12.0

Platform: 
  win32 x64

npm manifest: 
  {
    "name": "@jsmini/range",
    "version": "0.1.0",
    "description": "一组小而美的JS库",
    "main": "dist/index.js",
    "jsnext:main": "dist/index.esm.js",
    "module": "dist/index.esm.js",
    "sideEffects": false,
    "scripts": {
      "rename": "node rename.js",
      "clean": "rimraf ./dist",
      "lint": "eslint -c config/.eslintrc.js src",
      "build:self": "rollup -c config/rollup.config.js",
      "build:esm": "rollup -c config/rollup.config.esm.js",
      "build:aio": "rollup -c config/rollup.config.aio.js",
      "build": "npm run clean && npm run build:self && npm run build:esm &&  npm run build:aio",
      "test": "npm run lint && npm run build && mocha",
      "release": "npm test && git commit -am $npm_package_version && git tag $npm_package_version && git push && git push --tags"
    },
    "author": "yanhaijing",
    "license": "MIT",
    "repository": {
      "type": "git",
      "url": "git://github.com/jsmini/range.git"
    },
    "bugs": {
      "url": "https://github.com/jsmini/range/issues"
    },
    "devDependencies": {
      "babel-core": "6.26.0",
      "babel-plugin-transform-runtime": "6.23.0",
      "babel-preset-env": "1.6.1",
      "cdkit": "1.1.0",
      "es5-shim": "4.5.10",
      "eslint": "4.18.2",
      "expect.js": "0.3.1",
      "mocha": "3.5.3",
      "rimraf": "2.6.2",
      "rollup": "0.57.1",
      "rollup-plugin-babel": "3.0.3",
      "rollup-plugin-commonjs": "8.3.0",
      "rollup-plugin-node-resolve": "3.0.3"
    },
    "dependencies": {
      "babel-runtime": "6.26.0"
    }
  }

yarn manifest: 
  No manifest

Lockfile: 
  No lockfile

Trace: 
  Error: Command failed.
  Exit code: 1
  Command: C:\WINDOWS\system32\cmd.exe
  Arguments: /d /s /c npm run lint && npm run build && mocha
  Directory: D:\githouse\range
  Output:
  
      at ProcessTermError.MessageError (C:\Program Files (x86)\Yarn\lib\cli.js:186:110)
      at new ProcessTermError (C:\Program Files (x86)\Yarn\lib\cli.js:226:113)
      at ChildProcess.<anonymous> (C:\Program Files (x86)\Yarn\lib\cli.js:30281:17)
      at emitTwo (events.js:126:13)
      at ChildProcess.emit (events.js:214:7)
      at maybeClose (internal/child_process.js:915:16)
      at Process.ChildProcess._handle.onexit (internal/child_process.js:209:5)
